Molecule Number:    1 Type:   1
 Name     Number    x         y         z            B
 O(1)       1    .000000   .200000   .000000      .100000
 H(2)       5    .130000   .170000   .000000      .200000
 H(2)      11   -.130000   .170000   .000000      .200000

Molecule Number:   2 Type:    1
 Name    Number    x          y         z            B
 O(1)       2    .500000   .700000   .000000      .100000
 H(2)       6    .630000   .670000   .000000      .200000
 H(2)      12    .370000   .670000   .000000      .200000

Molecule Number:   3 Type:    1
 Name    Number    x          y         z            B
 O(1)       3    .000000   .800000   .000000      .100000
 H(2)       7   -.130000   .830000   .000000      .200000
 H(2)       9    .130000   .830000   .000000      .200000

Molecule Number:    4 Type:   1
 Name    Number     x         y         z            B
 O(1)       4    .500000   .300000   .000000      .100000
 H(2)       8    .370000   .330000   .000000      .200000
 H(2)      10    .630000   .330000   .000000      .200000
