 Molecule Number    :         1
          Type      :         1
          Character :  Atoms
          Biso cl cq:     0.10     0.000    0.000
          No. atoms :        3
 Name           Number    x        y        z        B     No in Mol
 O,(1)              1     0.000    0.200    0.000    0.10        1
 H,(2)              5     0.130    0.170    0.000    0.20        2
 H,(2)              8    -0.130    0.170    0.000    0.20        3

 Molecule Number    :         2
          Type      :         1
          Character :  Atoms
          Biso cl cq:     0.10     0.000    0.000
          No. atoms :        3
 Name           Number    x        y        z        B     No in Mol
 O,(1)              2     0.000    0.800    0.000    0.10        1
 H,(2)              6    -0.130    0.830    0.000    0.20        2
 H,(2)              7     0.130    0.830    0.000    0.20        3

 Molecule Number    :         3
          Type      :         1
          Character :  Atoms
          Biso cl cq:     0.10     0.000    0.000
          No. atoms :        3
 Name           Number    x        y        z        B     No in Mol
 O,(1)              3     0.500    0.700    0.000    0.10        1
 H,(2)              9     0.630    0.670    0.000    0.20        2
 H,(2)             12     0.370    0.670    0.000    0.20        3

 Molecule Number    :         4
          Type      :         1
          Character :  Atoms
          Biso cl cq:     0.10     0.000    0.000
          No. atoms :        3
 Name           Number    x        y        z        B     No in Mol
 O,(1)              4     0.500    0.300    0.000    0.10        1
 H,(2)             10     0.370    0.330    0.000    0.20        2
 H,(2)             11     0.630    0.330    0.000    0.20        3
